<?xml version="1.0" encoding="UTF-8"?>
<coverage generated="1608911135800" clover="3.2.0">
  <project timestamp="1608911135800" name="All files">
    <metrics statements="95" coveredstatements="95" conditionals="26" coveredconditionals="26" methods="28" coveredmethods="28" elements="149" coveredelements="149" complexity="0" loc="95" ncloc="95" packages="1" files="4" classes="4"/>
    <file name="edge.ts" path="/Users/bostjan/Projects/TimedDependencyQueue/src/edge.ts">
      <metrics statements="5" coveredstatements="5" conditionals="0" coveredconditionals="0" methods="2" coveredmethods="2"/>
      <line num="1" count="1" type="stmt"/>
      <line num="6" count="8" type="stmt"/>
      <line num="7" count="8" type="stmt"/>
      <line num="9" count="1" type="stmt"/>
      <line num="11" count="1" type="stmt"/>
    </file>
    <file name="index.ts" path="/Users/bostjan/Projects/TimedDependencyQueue/src/index.ts">
      <metrics statements="2" coveredstatements="2" conditionals="0" coveredconditionals="0" methods="0" coveredmethods="0"/>
      <line num="1" count="1" type="stmt"/>
      <line num="11" count="1" type="stmt"/>
    </file>
    <file name="node.ts" path="/Users/bostjan/Projects/TimedDependencyQueue/src/node.ts">
      <metrics statements="6" coveredstatements="6" conditionals="0" coveredconditionals="0" methods="2" coveredmethods="2"/>
      <line num="1" count="1" type="stmt"/>
      <line num="3" count="14" type="stmt"/>
      <line num="6" count="14" type="stmt"/>
      <line num="7" count="14" type="stmt"/>
      <line num="9" count="1" type="stmt"/>
      <line num="11" count="1" type="stmt"/>
    </file>
    <file name="queue.ts" path="/Users/bostjan/Projects/TimedDependencyQueue/src/queue.ts">
      <metrics statements="82" coveredstatements="82" conditionals="26" coveredconditionals="26" methods="24" coveredmethods="24"/>
      <line num="3" count="1" type="stmt"/>
      <line num="4" count="1" type="stmt"/>
      <line num="13" count="1" type="stmt"/>
      <line num="20" count="13" type="stmt"/>
      <line num="21" count="13" type="stmt"/>
      <line num="26" count="13" type="stmt"/>
      <line num="27" count="13" type="stmt"/>
      <line num="28" count="13" type="stmt"/>
      <line num="32" count="1" type="stmt"/>
      <line num="33" count="1" type="stmt"/>
      <line num="36" count="12" type="stmt"/>
      <line num="37" count="12" type="cond" truecount="2" falsecount="0"/>
      <line num="38" count="1" type="stmt"/>
      <line num="41" count="11" type="cond" truecount="2" falsecount="0"/>
      <line num="42" count="1" type="stmt"/>
      <line num="45" count="10" type="stmt"/>
      <line num="46" count="17" type="cond" truecount="2" falsecount="0"/>
      <line num="47" count="1" type="stmt"/>
      <line num="49" count="16" type="cond" truecount="2" falsecount="0"/>
      <line num="50" count="1" type="stmt"/>
      <line num="52" count="15" type="cond" truecount="2" falsecount="0"/>
      <line num="53" count="1" type="stmt"/>
      <line num="55" count="14" type="stmt"/>
      <line num="57" count="14" type="stmt"/>
      <line num="59" count="14" type="cond" truecount="2" falsecount="0"/>
      <line num="60" count="13" type="stmt"/>
      <line num="62" count="1" type="stmt"/>
      <line num="65" count="7" type="stmt"/>
      <line num="66" count="7" type="stmt"/>
      <line num="67" count="6" type="stmt"/>
      <line num="70" count="1" type="stmt"/>
      <line num="71" count="3" type="cond" truecount="2" falsecount="0"/>
      <line num="74" count="1" type="stmt"/>
      <line num="75" count="5" type="stmt"/>
      <line num="76" count="5" type="cond" truecount="2" falsecount="0"/>
      <line num="77" count="2" type="stmt"/>
      <line num="78" count="2" type="stmt"/>
      <line num="80" count="3" type="stmt"/>
      <line num="83" count="1" type="stmt"/>
      <line num="84" count="1" type="stmt"/>
      <line num="85" count="1" type="stmt"/>
      <line num="86" count="2" type="stmt"/>
      <line num="88" count="1" type="stmt"/>
      <line num="91" count="1" type="stmt"/>
      <line num="92" count="14" type="stmt"/>
      <line num="98" count="7" type="stmt"/>
      <line num="99" count="7" type="stmt"/>
      <line num="100" count="11" type="stmt"/>
      <line num="102" count="7" type="stmt"/>
      <line num="103" count="12" type="stmt"/>
      <line num="105" count="7" type="stmt"/>
      <line num="106" count="12" type="stmt"/>
      <line num="113" count="7" type="stmt"/>
      <line num="114" count="7" type="stmt"/>
      <line num="116" count="7" type="stmt"/>
      <line num="117" count="8" type="stmt"/>
      <line num="118" count="8" type="stmt"/>
      <line num="120" count="8" type="cond" truecount="2" falsecount="0"/>
      <line num="121" count="8" type="cond" truecount="2" falsecount="0"/>
      <line num="123" count="8" type="stmt"/>
      <line num="130" count="7" type="stmt"/>
      <line num="131" count="7" type="stmt"/>
      <line num="133" count="7" type="stmt"/>
      <line num="134" count="13" type="stmt"/>
      <line num="135" count="8" type="stmt"/>
      <line num="139" count="7" type="stmt"/>
      <line num="148" count="33" type="cond" truecount="2" falsecount="0"/>
      <line num="149" count="20" type="stmt"/>
      <line num="150" count="20" type="stmt"/>
      <line num="152" count="20" type="cond" truecount="2" falsecount="0"/>
      <line num="154" count="14" type="stmt"/>
      <line num="156" count="14" type="stmt"/>
      <line num="158" count="14" type="stmt"/>
      <line num="159" count="8" type="cond" truecount="2" falsecount="0"/>
      <line num="160" count="1" type="stmt"/>
      <line num="162" count="7" type="stmt"/>
      <line num="164" count="12" type="stmt"/>
      <line num="170" count="7" type="stmt"/>
      <line num="171" count="7" type="stmt"/>
      <line num="172" count="13" type="stmt"/>
      <line num="176" count="1" type="stmt"/>
      <line num="178" count="1" type="stmt"/>
    </file>
  </project>
</coverage>
