{"/Users/bostjan/Projects/TimedDependencyQueue/src/edge.ts": {"path":"/Users/bostjan/Projects/TimedDependencyQueue/src/edge.ts","statementMap":{"0":{"start":{"line":1,"column":0},"end":{"line":1,"column":null}},"1":{"start":{"line":6,"column":8},"end":{"line":6,"column":null}},"2":{"start":{"line":7,"column":8},"end":{"line":7,"column":null}},"3":{"start":{"line":9,"column":0},"end":{"line":9,"column":null}},"4":{"start":{"line":11,"column":0},"end":{"line":11,"column":null}}},"fnMap":{"0":{"name":"(anonymous_0)","decl":{"start":{"line":1,"column":0},"end":{"line":1,"column":null}},"loc":{"start":{"line":1,"column":0},"end":{"line":9,"column":null}}},"1":{"name":"Edge","decl":{"start":{"line":5,"column":4},"end":{"line":5,"column":17}},"loc":{"start":{"line":5,"column":41},"end":{"line":8,"column":5}}}},"branchMap":{},"s":{"0":1,"1":8,"2":8,"3":1,"4":1},"f":{"0":1,"1":8},"b":{}}
,"/Users/bostjan/Projects/TimedDependencyQueue/src/index.ts": {"path":"/Users/bostjan/Projects/TimedDependencyQueue/src/index.ts","statementMap":{"0":{"start":{"line":1,"column":0},"end":{"line":1,"column":7}},"1":{"start":{"line":11,"column":1},"end":{"line":1,"column":51}}},"fnMap":{},"branchMap":{},"s":{"0":1,"1":1},"f":{},"b":{}}
,"/Users/bostjan/Projects/TimedDependencyQueue/src/node.ts": {"path":"/Users/bostjan/Projects/TimedDependencyQueue/src/node.ts","statementMap":{"0":{"start":{"line":1,"column":0},"end":{"line":1,"column":null}},"1":{"start":{"line":3,"column":11},"end":{"line":3,"column":null}},"2":{"start":{"line":6,"column":8},"end":{"line":6,"column":null}},"3":{"start":{"line":7,"column":8},"end":{"line":7,"column":null}},"4":{"start":{"line":9,"column":0},"end":{"line":9,"column":null}},"5":{"start":{"line":11,"column":0},"end":{"line":11,"column":null}}},"fnMap":{"0":{"name":"(anonymous_0)","decl":{"start":{"line":1,"column":0},"end":{"line":1,"column":null}},"loc":{"start":{"line":1,"column":0},"end":{"line":9,"column":null}}},"1":{"name":"Node","decl":{"start":{"line":5,"column":4},"end":{"line":5,"column":17}},"loc":{"start":{"line":5,"column":27},"end":{"line":8,"column":5}}}},"branchMap":{},"s":{"0":1,"1":14,"2":14,"3":14,"4":1,"5":1},"f":{"0":1,"1":14},"b":{}}
,"/Users/bostjan/Projects/TimedDependencyQueue/src/queue.ts": {"path":"/Users/bostjan/Projects/TimedDependencyQueue/src/queue.ts","statementMap":{"0":{"start":{"line":3,"column":0},"end":{"line":3,"column":25}},"1":{"start":{"line":4,"column":0},"end":{"line":4,"column":25}},"2":{"start":{"line":13,"column":0},"end":{"line":13,"column":null}},"3":{"start":{"line":20,"column":9},"end":{"line":20,"column":null}},"4":{"start":{"line":21,"column":9},"end":{"line":21,"column":null}},"5":{"start":{"line":26,"column":9},"end":{"line":26,"column":null}},"6":{"start":{"line":27,"column":9},"end":{"line":27,"column":null}},"7":{"start":{"line":28,"column":9},"end":{"line":28,"column":null}},"8":{"start":{"line":32,"column":1},"end":{"line":34,"column":null}},"9":{"start":{"line":33,"column":2},"end":{"line":33,"column":null}},"10":{"start":{"line":36,"column":1},"end":{"line":68,"column":null}},"11":{"start":{"line":36,"column":1},"end":{"line":36,"column":8}},"12":{"start":{"line":37,"column":2},"end":{"line":39,"column":null}},"13":{"start":{"line":38,"column":3},"end":{"line":38,"column":9}},"14":{"start":{"line":41,"column":2},"end":{"line":43,"column":null}},"15":{"start":{"line":42,"column":3},"end":{"line":42,"column":null}},"16":{"start":{"line":45,"column":2},"end":{"line":64,"column":null}},"17":{"start":{"line":46,"column":3},"end":{"line":48,"column":null}},"18":{"start":{"line":47,"column":4},"end":{"line":47,"column":null}},"19":{"start":{"line":49,"column":3},"end":{"line":51,"column":null}},"20":{"start":{"line":50,"column":4},"end":{"line":50,"column":null}},"21":{"start":{"line":52,"column":3},"end":{"line":54,"column":null}},"22":{"start":{"line":53,"column":4},"end":{"line":53,"column":null}},"23":{"start":{"line":55,"column":26},"end":{"line":55,"column":50}},"24":{"start":{"line":57,"column":3},"end":{"line":57,"column":null}},"25":{"start":{"line":59,"column":3},"end":{"line":63,"column":null}},"26":{"start":{"line":60,"column":4},"end":{"line":60,"column":null}},"27":{"start":{"line":62,"column":4},"end":{"line":62,"column":null}},"28":{"start":{"line":65,"column":2},"end":{"line":65,"column":null}},"29":{"start":{"line":66,"column":2},"end":{"line":66,"column":null}},"30":{"start":{"line":67,"column":2},"end":{"line":67,"column":null}},"31":{"start":{"line":70,"column":1},"end":{"line":72,"column":null}},"32":{"start":{"line":71,"column":2},"end":{"line":71,"column":null}},"33":{"start":{"line":74,"column":1},"end":{"line":81,"column":null}},"34":{"start":{"line":75,"column":41},"end":{"line":75,"column":61}},"35":{"start":{"line":76,"column":2},"end":{"line":79,"column":null}},"36":{"start":{"line":77,"column":20},"end":{"line":77,"column":44}},"37":{"start":{"line":78,"column":3},"end":{"line":78,"column":null}},"38":{"start":{"line":80,"column":2},"end":{"line":80,"column":null}},"39":{"start":{"line":83,"column":1},"end":{"line":89,"column":null}},"40":{"start":{"line":83,"column":1},"end":{"line":83,"column":6}},"41":{"start":{"line":84,"column":2},"end":{"line":84,"column":null}},"42":{"start":{"line":85,"column":2},"end":{"line":87,"column":null}},"43":{"start":{"line":86,"column":3},"end":{"line":86,"column":null}},"44":{"start":{"line":88,"column":2},"end":{"line":88,"column":null}},"45":{"start":{"line":91,"column":1},"end":{"line":93,"column":null}},"46":{"start":{"line":92,"column":2},"end":{"line":92,"column":null}},"47":{"start":{"line":98,"column":9},"end":{"line":108,"column":null}},"48":{"start":{"line":98,"column":1},"end":{"line":98,"column":9}},"49":{"start":{"line":99,"column":2},"end":{"line":101,"column":null}},"50":{"start":{"line":100,"column":3},"end":{"line":100,"column":null}},"51":{"start":{"line":102,"column":2},"end":{"line":104,"column":null}},"52":{"start":{"line":103,"column":3},"end":{"line":103,"column":null}},"53":{"start":{"line":105,"column":2},"end":{"line":107,"column":null}},"54":{"start":{"line":106,"column":3},"end":{"line":106,"column":null}},"55":{"start":{"line":113,"column":9},"end":{"line":125,"column":null}},"56":{"start":{"line":113,"column":1},"end":{"line":113,"column":9}},"57":{"start":{"line":114,"column":16},"end":{"line":114,"column":31}},"58":{"start":{"line":116,"column":2},"end":{"line":124,"column":null}},"59":{"start":{"line":117,"column":16},"end":{"line":117,"column":25}},"60":{"start":{"line":118,"column":14},"end":{"line":118,"column":21}},"61":{"start":{"line":120,"column":3},"end":{"line":120,"column":null}},"62":{"start":{"line":120,"column":31},"end":{"line":120,"column":null}},"63":{"start":{"line":121,"column":3},"end":{"line":121,"column":null}},"64":{"start":{"line":121,"column":29},"end":{"line":121,"column":null}},"65":{"start":{"line":123,"column":3},"end":{"line":123,"column":null}},"66":{"start":{"line":130,"column":9},"end":{"line":140,"column":null}},"67":{"start":{"line":130,"column":1},"end":{"line":130,"column":9}},"68":{"start":{"line":131,"column":29},"end":{"line":131,"column":31}},"69":{"start":{"line":133,"column":2},"end":{"line":137,"column":null}},"70":{"start":{"line":134,"column":3},"end":{"line":136,"column":null}},"71":{"start":{"line":135,"column":4},"end":{"line":135,"column":null}},"72":{"start":{"line":139,"column":2},"end":{"line":139,"column":null}},"73":{"start":{"line":148,"column":9},"end":{"line":165,"column":null}},"74":{"start":{"line":148,"column":1},"end":{"line":148,"column":9}},"75":{"start":{"line":148,"column":32},"end":{"line":148,"column":null}},"76":{"start":{"line":149,"column":15},"end":{"line":149,"column":31}},"77":{"start":{"line":150,"column":17},"end":{"line":150,"column":24}},"78":{"start":{"line":152,"column":2},"end":{"line":152,"column":34}},"79":{"start":{"line":152,"column":28},"end":{"line":152,"column":34}},"80":{"start":{"line":154,"column":2},"end":{"line":154,"column":null}},"81":{"start":{"line":156,"column":2},"end":{"line":156,"column":null}},"82":{"start":{"line":158,"column":2},"end":{"line":163,"column":null}},"83":{"start":{"line":159,"column":3},"end":{"line":161,"column":null}},"84":{"start":{"line":160,"column":4},"end":{"line":160,"column":null}},"85":{"start":{"line":162,"column":3},"end":{"line":162,"column":null}},"86":{"start":{"line":162,"column":48},"end":{"line":162,"column":51}},"87":{"start":{"line":164,"column":2},"end":{"line":164,"column":null}},"88":{"start":{"line":170,"column":9},"end":{"line":174,"column":null}},"89":{"start":{"line":170,"column":1},"end":{"line":170,"column":9}},"90":{"start":{"line":171,"column":2},"end":{"line":173,"column":null}},"91":{"start":{"line":172,"column":3},"end":{"line":172,"column":null}},"92":{"start":{"line":176,"column":0},"end":{"line":176,"column":null}},"93":{"start":{"line":178,"column":0},"end":{"line":178,"column":null}}},"fnMap":{"0":{"name":"(anonymous_1)","decl":{"start":{"line":13,"column":0},"end":{"line":13,"column":null}},"loc":{"start":{"line":13,"column":0},"end":{"line":176,"column":null}}},"1":{"name":"TimedRetryDependencyTaskQueue","decl":{"start":{"line":30,"column":1},"end":{"line":30,"column":16}},"loc":{"start":{"line":30,"column":1},"end":{"line":30,"column":17}}},"2":{"name":"(anonymous_3)","decl":{"start":{"line":32,"column":1},"end":{"line":32,"column":4}},"loc":{"start":{"line":32,"column":31},"end":{"line":34,"column":2}}},"3":{"name":"(anonymous_4)","decl":{"start":{"line":36,"column":1},"end":{"line":36,"column":8}},"loc":{"start":{"line":36,"column":43},"end":{"line":68,"column":2}}},"4":{"name":"(anonymous_5)","decl":{"start":{"line":45,"column":17},"end":{"line":45,"column":19}},"loc":{"start":{"line":45,"column":23},"end":{"line":64,"column":3}}},"5":{"name":"(anonymous_6)","decl":{"start":{"line":70,"column":1},"end":{"line":70,"column":8}},"loc":{"start":{"line":70,"column":1},"end":{"line":72,"column":2}}},"6":{"name":"(anonymous_7)","decl":{"start":{"line":74,"column":1},"end":{"line":74,"column":12}},"loc":{"start":{"line":74,"column":1},"end":{"line":81,"column":2}}},"7":{"name":"(anonymous_8)","decl":{"start":{"line":83,"column":1},"end":{"line":83,"column":6}},"loc":{"start":{"line":83,"column":1},"end":{"line":89,"column":2}}},"8":{"name":"(anonymous_9)","decl":{"start":{"line":85,"column":37},"end":{"line":85,"column":39}},"loc":{"start":{"line":85,"column":42},"end":{"line":87,"column":3}}},"9":{"name":"(anonymous_10)","decl":{"start":{"line":91,"column":1},"end":{"line":91,"column":5}},"loc":{"start":{"line":91,"column":1},"end":{"line":93,"column":2}}},"10":{"name":"(anonymous_11)","decl":{"start":{"line":98,"column":1},"end":{"line":98,"column":9}},"loc":{"start":{"line":98,"column":1},"end":{"line":108,"column":2}}},"11":{"name":"(anonymous_12)","decl":{"start":{"line":99,"column":48},"end":{"line":99,"column":50}},"loc":{"start":{"line":99,"column":53},"end":{"line":101,"column":3}}},"12":{"name":"(anonymous_13)","decl":{"start":{"line":102,"column":37},"end":{"line":102,"column":39}},"loc":{"start":{"line":102,"column":42},"end":{"line":104,"column":3}}},"13":{"name":"(anonymous_14)","decl":{"start":{"line":105,"column":39},"end":{"line":105,"column":41}},"loc":{"start":{"line":105,"column":44},"end":{"line":107,"column":3}}},"14":{"name":"(anonymous_15)","decl":{"start":{"line":113,"column":1},"end":{"line":113,"column":9}},"loc":{"start":{"line":113,"column":1},"end":{"line":125,"column":2}}},"15":{"name":"(anonymous_16)","decl":{"start":{"line":116,"column":17},"end":{"line":116,"column":19}},"loc":{"start":{"line":116,"column":23},"end":{"line":124,"column":3}}},"16":{"name":"(anonymous_17)","decl":{"start":{"line":130,"column":1},"end":{"line":130,"column":9}},"loc":{"start":{"line":130,"column":1},"end":{"line":140,"column":2}}},"17":{"name":"(anonymous_18)","decl":{"start":{"line":133,"column":48},"end":{"line":133,"column":58}},"loc":{"start":{"line":133,"column":58},"end":{"line":137,"column":3}}},"18":{"name":"(anonymous_19)","decl":{"start":{"line":134,"column":48},"end":{"line":134,"column":58}},"loc":{"start":{"line":134,"column":58},"end":{"line":136,"column":4}}},"19":{"name":"(anonymous_20)","decl":{"start":{"line":148,"column":1},"end":{"line":148,"column":9}},"loc":{"start":{"line":148,"column":61},"end":{"line":165,"column":2}}},"20":{"name":"(anonymous_21)","decl":{"start":{"line":158,"column":23},"end":{"line":158,"column":30}},"loc":{"start":{"line":158,"column":30},"end":{"line":163,"column":3}}},"21":{"name":"(anonymous_22)","decl":{"start":{"line":162,"column":43},"end":{"line":162,"column":44}},"loc":{"start":{"line":162,"column":44},"end":{"line":162,"column":49}}},"22":{"name":"(anonymous_23)","decl":{"start":{"line":170,"column":1},"end":{"line":170,"column":9}},"loc":{"start":{"line":170,"column":1},"end":{"line":174,"column":2}}},"23":{"name":"(anonymous_24)","decl":{"start":{"line":171,"column":37},"end":{"line":171,"column":39}},"loc":{"start":{"line":171,"column":45},"end":{"line":173,"column":3}}}},"branchMap":{"0":{"loc":{"start":{"line":37,"column":2},"end":{"line":39,"column":null}},"type":"if","locations":[{"start":{"line":37,"column":2},"end":{"line":39,"column":null}},{"start":{"line":37,"column":2},"end":{"line":39,"column":null}}]},"1":{"loc":{"start":{"line":41,"column":2},"end":{"line":43,"column":null}},"type":"if","locations":[{"start":{"line":41,"column":2},"end":{"line":43,"column":null}},{"start":{"line":41,"column":2},"end":{"line":43,"column":null}}]},"2":{"loc":{"start":{"line":46,"column":3},"end":{"line":48,"column":null}},"type":"if","locations":[{"start":{"line":46,"column":3},"end":{"line":48,"column":null}},{"start":{"line":46,"column":3},"end":{"line":48,"column":null}}]},"3":{"loc":{"start":{"line":49,"column":3},"end":{"line":51,"column":null}},"type":"if","locations":[{"start":{"line":49,"column":3},"end":{"line":51,"column":null}},{"start":{"line":49,"column":3},"end":{"line":51,"column":null}}]},"4":{"loc":{"start":{"line":52,"column":3},"end":{"line":54,"column":null}},"type":"if","locations":[{"start":{"line":52,"column":3},"end":{"line":54,"column":null}},{"start":{"line":52,"column":3},"end":{"line":54,"column":null}}]},"5":{"loc":{"start":{"line":59,"column":3},"end":{"line":63,"column":null}},"type":"if","locations":[{"start":{"line":59,"column":3},"end":{"line":63,"column":null}},{"start":{"line":59,"column":3},"end":{"line":63,"column":null}}]},"6":{"loc":{"start":{"line":71,"column":9},"end":{"line":71,"column":47}},"type":"binary-expr","locations":[{"start":{"line":71,"column":9},"end":{"line":71,"column":47}},{"start":{"line":71,"column":51},"end":{"line":71,"column":78}}]},"7":{"loc":{"start":{"line":76,"column":2},"end":{"line":79,"column":null}},"type":"if","locations":[{"start":{"line":76,"column":2},"end":{"line":79,"column":null}},{"start":{"line":76,"column":2},"end":{"line":79,"column":null}}]},"8":{"loc":{"start":{"line":120,"column":3},"end":{"line":120,"column":null}},"type":"if","locations":[{"start":{"line":120,"column":3},"end":{"line":120,"column":null}},{"start":{"line":120,"column":3},"end":{"line":120,"column":null}}]},"9":{"loc":{"start":{"line":121,"column":3},"end":{"line":121,"column":null}},"type":"if","locations":[{"start":{"line":121,"column":3},"end":{"line":121,"column":null}},{"start":{"line":121,"column":3},"end":{"line":121,"column":null}}]},"10":{"loc":{"start":{"line":148,"column":32},"end":{"line":148,"column":null}},"type":"if","locations":[{"start":{"line":148,"column":32},"end":{"line":148,"column":null}},{"start":{"line":148,"column":32},"end":{"line":148,"column":null}}]},"11":{"loc":{"start":{"line":152,"column":2},"end":{"line":152,"column":34}},"type":"if","locations":[{"start":{"line":152,"column":2},"end":{"line":152,"column":34}},{"start":{"line":152,"column":2},"end":{"line":152,"column":34}}]},"12":{"loc":{"start":{"line":159,"column":3},"end":{"line":161,"column":null}},"type":"if","locations":[{"start":{"line":159,"column":3},"end":{"line":161,"column":null}},{"start":{"line":159,"column":3},"end":{"line":161,"column":null}}]}},"s":{"0":1,"1":1,"2":1,"3":13,"4":13,"5":13,"6":13,"7":13,"8":1,"9":1,"10":1,"11":12,"12":12,"13":1,"14":11,"15":1,"16":10,"17":17,"18":1,"19":16,"20":1,"21":15,"22":1,"23":14,"24":14,"25":14,"26":13,"27":1,"28":7,"29":7,"30":6,"31":1,"32":3,"33":1,"34":5,"35":5,"36":2,"37":2,"38":3,"39":1,"40":1,"41":1,"42":1,"43":2,"44":1,"45":1,"46":14,"47":1,"48":7,"49":7,"50":11,"51":7,"52":12,"53":7,"54":12,"55":1,"56":7,"57":7,"58":7,"59":8,"60":8,"61":8,"62":7,"63":8,"64":7,"65":8,"66":1,"67":7,"68":7,"69":7,"70":13,"71":8,"72":7,"73":1,"74":20,"75":33,"76":20,"77":20,"78":20,"79":6,"80":14,"81":14,"82":14,"83":8,"84":1,"85":7,"86":7,"87":12,"88":1,"89":7,"90":7,"91":13,"92":1,"93":1},"f":{"0":1,"1":13,"2":1,"3":12,"4":17,"5":3,"6":5,"7":1,"8":2,"9":14,"10":7,"11":11,"12":12,"13":12,"14":7,"15":8,"16":7,"17":13,"18":8,"19":20,"20":8,"21":7,"22":7,"23":13},"b":{"0":[1,11],"1":[1,10],"2":[1,16],"3":[1,15],"4":[1,14],"5":[13,1],"6":[3,2],"7":[2,3],"8":[7,1],"9":[7,1],"10":[13,7],"11":[6,14],"12":[1,7]}}
}
