TN:
SF:src/edge.ts
FN:1,(anonymous_0)
FN:5,Edge
FNF:2
FNH:2
FNDA:1,(anonymous_0)
FNDA:8,Edge
DA:1,1
DA:6,8
DA:7,8
DA:9,1
DA:11,1
LF:5
LH:5
BRF:0
BRH:0
end_of_record
TN:
SF:src/index.ts
FNF:0
FNH:0
DA:1,1
DA:11,1
LF:2
LH:2
BRF:0
BRH:0
end_of_record
TN:
SF:src/node.ts
FN:1,(anonymous_0)
FN:5,Node
FNF:2
FNH:2
FNDA:1,(anonymous_0)
FNDA:14,Node
DA:1,1
DA:3,14
DA:6,14
DA:7,14
DA:9,1
DA:11,1
LF:6
LH:6
BRF:0
BRH:0
end_of_record
TN:
SF:src/queue.ts
FN:13,(anonymous_1)
FN:30,TimedRetryDependencyTaskQueue
FN:32,(anonymous_3)
FN:36,(anonymous_4)
FN:45,(anonymous_5)
FN:70,(anonymous_6)
FN:74,(anonymous_7)
FN:83,(anonymous_8)
FN:85,(anonymous_9)
FN:91,(anonymous_10)
FN:98,(anonymous_11)
FN:99,(anonymous_12)
FN:102,(anonymous_13)
FN:105,(anonymous_14)
FN:113,(anonymous_15)
FN:116,(anonymous_16)
FN:130,(anonymous_17)
FN:133,(anonymous_18)
FN:134,(anonymous_19)
FN:148,(anonymous_20)
FN:158,(anonymous_21)
FN:162,(anonymous_22)
FN:170,(anonymous_23)
FN:171,(anonymous_24)
FNF:24
FNH:24
FNDA:1,(anonymous_1)
FNDA:13,TimedRetryDependencyTaskQueue
FNDA:1,(anonymous_3)
FNDA:12,(anonymous_4)
FNDA:17,(anonymous_5)
FNDA:3,(anonymous_6)
FNDA:5,(anonymous_7)
FNDA:1,(anonymous_8)
FNDA:2,(anonymous_9)
FNDA:14,(anonymous_10)
FNDA:7,(anonymous_11)
FNDA:11,(anonymous_12)
FNDA:12,(anonymous_13)
FNDA:12,(anonymous_14)
FNDA:7,(anonymous_15)
FNDA:8,(anonymous_16)
FNDA:7,(anonymous_17)
FNDA:13,(anonymous_18)
FNDA:8,(anonymous_19)
FNDA:20,(anonymous_20)
FNDA:8,(anonymous_21)
FNDA:7,(anonymous_22)
FNDA:7,(anonymous_23)
FNDA:13,(anonymous_24)
DA:3,1
DA:4,1
DA:13,1
DA:20,13
DA:21,13
DA:26,13
DA:27,13
DA:28,13
DA:32,1
DA:33,1
DA:36,12
DA:37,12
DA:38,1
DA:41,11
DA:42,1
DA:45,10
DA:46,17
DA:47,1
DA:49,16
DA:50,1
DA:52,15
DA:53,1
DA:55,14
DA:57,14
DA:59,14
DA:60,13
DA:62,1
DA:65,7
DA:66,7
DA:67,6
DA:70,1
DA:71,3
DA:74,1
DA:75,5
DA:76,5
DA:77,2
DA:78,2
DA:80,3
DA:83,1
DA:84,1
DA:85,1
DA:86,2
DA:88,1
DA:91,1
DA:92,14
DA:98,7
DA:99,7
DA:100,11
DA:102,7
DA:103,12
DA:105,7
DA:106,12
DA:113,7
DA:114,7
DA:116,7
DA:117,8
DA:118,8
DA:120,8
DA:121,8
DA:123,8
DA:130,7
DA:131,7
DA:133,7
DA:134,13
DA:135,8
DA:139,7
DA:148,33
DA:149,20
DA:150,20
DA:152,20
DA:154,14
DA:156,14
DA:158,14
DA:159,8
DA:160,1
DA:162,7
DA:164,12
DA:170,7
DA:171,7
DA:172,13
DA:176,1
DA:178,1
LF:82
LH:82
BRDA:37,0,0,1
BRDA:37,0,1,11
BRDA:41,1,0,1
BRDA:41,1,1,10
BRDA:46,2,0,1
BRDA:46,2,1,16
BRDA:49,3,0,1
BRDA:49,3,1,15
BRDA:52,4,0,1
BRDA:52,4,1,14
BRDA:59,5,0,13
BRDA:59,5,1,1
BRDA:71,6,0,3
BRDA:71,6,1,2
BRDA:76,7,0,2
BRDA:76,7,1,3
BRDA:120,8,0,7
BRDA:120,8,1,1
BRDA:121,9,0,7
BRDA:121,9,1,1
BRDA:148,10,0,13
BRDA:148,10,1,7
BRDA:152,11,0,6
BRDA:152,11,1,14
BRDA:159,12,0,1
BRDA:159,12,1,7
BRF:26
BRH:26
end_of_record
